<?xml version="1.0" encoding="UTF-8"?>
<!-- Generated by org.testng.reporters.JUnitXMLReporter -->
<testsuite hostname="ashirbad-PC" ignored="0" name="Default test" tests="3" failures="0" timestamp="03 May 2020 05:53:50 GMT" time="0.107" errors="0">
  <testcase name="demotest" time="0.013" classname="demo.practice.Annotations2"/>
  <testcase name="demotest2" time="0.003" classname="demo.practice.Annotations2"/>
  <testcase name="demotest3" time="0.005" classname="demo.practice.Annotations2"/>
</testsuite> <!-- Default test -->
