<?xml version="1.0" encoding="UTF-8"?>
<testng-results skipped="0" failed="0" ignored="0" total="3" passed="3">
  <reporter-output>
  </reporter-output>
  <suite name="Default suite" duration-ms="107" started-at="2020-05-03T05:53:50Z" finished-at="2020-05-03T05:53:50Z">
    <groups>
    </groups>
    <test name="Default test" duration-ms="107" started-at="2020-05-03T05:53:50Z" finished-at="2020-05-03T05:53:50Z">
      <class name="demo.practice.Annotations2">
        <test-method status="PASS" signature="setup()[pri:0, instance:demo.practice.Annotations2@42dafa95]" name="setup" is-config="true" duration-ms="25" started-at="2020-05-03T05:53:50Z" finished-at="2020-05-03T05:53:50Z">
          <reporter-output>
          </reporter-output>
        </test-method> <!-- setup -->
        <test-method status="PASS" signature="login()[pri:0, instance:demo.practice.Annotations2@42dafa95]" name="login" is-config="true" duration-ms="1" started-at="2020-05-03T05:53:50Z" finished-at="2020-05-03T05:53:50Z">
          <reporter-output>
          </reporter-output>
        </test-method> <!-- login -->
        <test-method status="PASS" signature="browserLunch()[pri:0, instance:demo.practice.Annotations2@42dafa95]" name="browserLunch" is-config="true" duration-ms="1" started-at="2020-05-03T05:53:50Z" finished-at="2020-05-03T05:53:50Z">
          <reporter-output>
          </reporter-output>
        </test-method> <!-- browserLunch -->
        <test-method status="PASS" signature="url()[pri:0, instance:demo.practice.Annotations2@42dafa95]" name="url" is-config="true" duration-ms="1" started-at="2020-05-03T05:53:50Z" finished-at="2020-05-03T05:53:50Z">
          <reporter-output>
          </reporter-output>
        </test-method> <!-- url -->
        <test-method status="PASS" signature="demotest()[pri:0, instance:demo.practice.Annotations2@42dafa95]" name="demotest" duration-ms="13" started-at="2020-05-03T05:53:50Z" finished-at="2020-05-03T05:53:50Z">
          <reporter-output>
          </reporter-output>
        </test-method> <!-- demotest -->
        <test-method status="PASS" signature="logout()[pri:0, instance:demo.practice.Annotations2@42dafa95]" name="logout" is-config="true" duration-ms="0" started-at="2020-05-03T05:53:50Z" finished-at="2020-05-03T05:53:50Z">
          <reporter-output>
          </reporter-output>
        </test-method> <!-- logout -->
        <test-method status="PASS" signature="url()[pri:0, instance:demo.practice.Annotations2@42dafa95]" name="url" is-config="true" duration-ms="1" started-at="2020-05-03T05:53:50Z" finished-at="2020-05-03T05:53:50Z">
          <reporter-output>
          </reporter-output>
        </test-method> <!-- url -->
        <test-method status="PASS" signature="demotest2()[pri:0, instance:demo.practice.Annotations2@42dafa95]" name="demotest2" duration-ms="3" started-at="2020-05-03T05:53:50Z" finished-at="2020-05-03T05:53:50Z">
          <reporter-output>
          </reporter-output>
        </test-method> <!-- demotest2 -->
        <test-method status="PASS" signature="logout()[pri:0, instance:demo.practice.Annotations2@42dafa95]" name="logout" is-config="true" duration-ms="0" started-at="2020-05-03T05:53:50Z" finished-at="2020-05-03T05:53:50Z">
          <reporter-output>
          </reporter-output>
        </test-method> <!-- logout -->
        <test-method status="PASS" signature="url()[pri:0, instance:demo.practice.Annotations2@42dafa95]" name="url" is-config="true" duration-ms="1" started-at="2020-05-03T05:53:50Z" finished-at="2020-05-03T05:53:50Z">
          <reporter-output>
          </reporter-output>
        </test-method> <!-- url -->
        <test-method status="PASS" signature="demotest3()[pri:0, instance:demo.practice.Annotations2@42dafa95]" name="demotest3" duration-ms="5" started-at="2020-05-03T05:53:50Z" finished-at="2020-05-03T05:53:50Z">
          <reporter-output>
          </reporter-output>
        </test-method> <!-- demotest3 -->
        <test-method status="PASS" signature="logout()[pri:0, instance:demo.practice.Annotations2@42dafa95]" name="logout" is-config="true" duration-ms="1" started-at="2020-05-03T05:53:50Z" finished-at="2020-05-03T05:53:50Z">
          <reporter-output>
          </reporter-output>
        </test-method> <!-- logout -->
        <test-method status="PASS" signature="closeBrowser()[pri:0, instance:demo.practice.Annotations2@42dafa95]" name="closeBrowser" is-config="true" duration-ms="0" started-at="2020-05-03T05:53:50Z" finished-at="2020-05-03T05:53:50Z">
          <reporter-output>
          </reporter-output>
        </test-method> <!-- closeBrowser -->
        <test-method status="PASS" signature="deletecookies()[pri:0, instance:demo.practice.Annotations2@42dafa95]" name="deletecookies" is-config="true" duration-ms="1" started-at="2020-05-03T05:53:50Z" finished-at="2020-05-03T05:53:50Z">
          <reporter-output>
          </reporter-output>
        </test-method> <!-- deletecookies -->
        <test-method status="PASS" signature="report()[pri:0, instance:demo.practice.Annotations2@42dafa95]" name="report" is-config="true" duration-ms="1" started-at="2020-05-03T05:53:50Z" finished-at="2020-05-03T05:53:50Z">
          <reporter-output>
          </reporter-output>
        </test-method> <!-- report -->
      </class> <!-- demo.practice.Annotations2 -->
    </test> <!-- Default test -->
  </suite> <!-- Default suite -->
</testng-results>
